c:\users\paul orvis\documents\visual studio 2013\projects\proj3-meehan-orvis\vs-2013\debug\vc120.pdb
c:\users\paul orvis\documents\visual studio 2013\projects\proj3-meehan-orvis\vs-2013\debug\vc120.idb
c:\users\paul orvis\documents\visual studio 2013\projects\proj3-meehan-orvis\vs-2013\debug\bigpaddle.obj
c:\users\paul orvis\documents\visual studio 2013\projects\proj3-meehan-orvis\vs-2013\debug\bomb.obj
c:\users\paul orvis\documents\visual studio 2013\projects\proj3-meehan-orvis\vs-2013\debug\bombnotification.obj
c:\users\paul orvis\documents\visual studio 2013\projects\proj3-meehan-orvis\vs-2013\debug\game.obj
c:\users\paul orvis\documents\visual studio 2013\projects\proj3-meehan-orvis\vs-2013\debug\gameover.obj
c:\users\paul orvis\documents\visual studio 2013\projects\proj3-meehan-orvis\vs-2013\debug\gamestart.obj
c:\users\paul orvis\documents\visual studio 2013\projects\proj3-meehan-orvis\vs-2013\debug\level1notification.obj
c:\users\paul orvis\documents\visual studio 2013\projects\proj3-meehan-orvis\vs-2013\debug\level2notification.obj
c:\users\paul orvis\documents\visual studio 2013\projects\proj3-meehan-orvis\vs-2013\debug\level3notification.obj
c:\users\paul orvis\documents\visual studio 2013\projects\proj3-meehan-orvis\vs-2013\debug\levelcomplete.obj
c:\users\paul orvis\documents\visual studio 2013\projects\proj3-meehan-orvis\vs-2013\debug\paddle.obj
c:\users\paul orvis\documents\visual studio 2013\projects\proj3-meehan-orvis\vs-2013\debug\paddlenotification.obj
c:\users\paul orvis\documents\visual studio 2013\projects\proj3-meehan-orvis\vs-2013\debug\points.obj
c:\users\paul orvis\documents\visual studio 2013\projects\proj3-meehan-orvis\vs-2013\debug\powernotification.obj
c:\users\paul orvis\documents\visual studio 2013\projects\proj3-meehan-orvis\vs-2013\debug\projectile.obj
c:\users\paul orvis\documents\visual studio 2013\projects\proj3-meehan-orvis\vs-2013\debug\squill.obj
c:\users\paul orvis\documents\visual studio 2013\projects\proj3-meehan-orvis\vs-2013\debug\squilldeath.obj
c:\users\paul orvis\documents\visual studio 2013\projects\proj3-meehan-orvis\vs-2013\debug\timer.obj
c:\users\paul orvis\documents\visual studio 2013\projects\proj3-meehan-orvis\vs-2013\debug\win.obj
c:\users\paul orvis\documents\visual studio 2013\projects\proj3-meehan-orvis\vs-2013\debug\game.ilk
c:\users\paul orvis\documents\visual studio 2013\projects\proj3-meehan-orvis\vs-2013\debug\game.exe
c:\users\paul orvis\documents\visual studio 2013\projects\proj3-meehan-orvis\vs-2013\debug\game.pdb
c:\users\paul orvis\documents\visual studio 2013\projects\proj3-meehan-orvis\vs-2013\debug\game.tlog\cl.command.1.tlog
c:\users\paul orvis\documents\visual studio 2013\projects\proj3-meehan-orvis\vs-2013\debug\game.tlog\cl.read.1.tlog
c:\users\paul orvis\documents\visual studio 2013\projects\proj3-meehan-orvis\vs-2013\debug\game.tlog\cl.write.1.tlog
c:\users\paul orvis\documents\visual studio 2013\projects\proj3-meehan-orvis\vs-2013\debug\game.tlog\link.command.1.tlog
c:\users\paul orvis\documents\visual studio 2013\projects\proj3-meehan-orvis\vs-2013\debug\game.tlog\link.read.1.tlog
c:\users\paul orvis\documents\visual studio 2013\projects\proj3-meehan-orvis\vs-2013\debug\game.tlog\link.write.1.tlog
